[0.017s] Invoking command in '/home/david/ros2_ws/src/my_planner/build/my_planner': CMAKE_PREFIX_PATH=${CMAKE_PREFIX_PATH}:/home/david/ros2_ws/install/example_py_pkg:/home/david/ros2_ws/install/crazyflie_py:/opt/ros/humble /usr/bin/cmake /home/david/ros2_ws/src/my_planner -DCMAKE_INSTALL_PREFIX=/home/david/ros2_ws/src/my_planner/install/my_planner
[0.182s] -- The C compiler identification is GNU 11.4.0
[0.315s] -- The CXX compiler identification is GNU 11.4.0
[0.328s] -- Detecting C compiler ABI info
[0.456s] -- Detecting C compiler ABI info - done
[0.471s] -- Check for working C compiler: /usr/bin/cc - skipped
[0.475s] -- Detecting C compile features
[0.475s] -- Detecting C compile features - done
[0.481s] -- Detecting CXX compiler ABI info
[0.651s] -- Detecting CXX compiler ABI info - done
[0.669s] -- Check for working CXX compiler: /usr/bin/c++ - skipped
[0.669s] -- Detecting CXX compile features
[0.670s] -- Detecting CXX compile features - done
[0.679s] -- Found ament_cmake: 1.3.10 (/opt/ros/humble/share/ament_cmake/cmake)
[1.064s] -- Found Python3: /usr/bin/python3 (found version "3.10.12") found components: Interpreter 
[1.236s] -- Found rclcpp: 16.0.10 (/opt/ros/humble/share/rclcpp/cmake)
[1.306s] -- Found rosidl_generator_c: 3.1.5 (/opt/ros/humble/share/rosidl_generator_c/cmake)
[1.316s] -- Found rosidl_adapter: 3.1.5 (/opt/ros/humble/share/rosidl_adapter/cmake)
[1.331s] -- Found rosidl_generator_cpp: 3.1.5 (/opt/ros/humble/share/rosidl_generator_cpp/cmake)
[1.354s] -- Using all available rosidl_typesupport_c: rosidl_typesupport_fastrtps_c;rosidl_typesupport_introspection_c
[1.393s] -- Using all available rosidl_typesupport_cpp: rosidl_typesupport_fastrtps_cpp;rosidl_typesupport_introspection_cpp
[1.501s] -- Found rmw_implementation_cmake: 6.1.2 (/opt/ros/humble/share/rmw_implementation_cmake/cmake)
[1.508s] -- Found rmw_fastrtps_cpp: 6.2.7 (/opt/ros/humble/share/rmw_fastrtps_cpp/cmake)
[1.649s] -- Found OpenSSL: /usr/lib/x86_64-linux-gnu/libcrypto.so (found version "3.0.2")  
[1.690s] -- Found FastRTPS: /opt/ros/humble/include  
[1.756s] -- Using RMW implementation 'rmw_fastrtps_cpp' as default
[1.775s] -- Looking for pthread.h
[1.889s] -- Looking for pthread.h - found
[1.890s] -- Performing Test CMAKE_HAVE_LIBC_PTHREAD
[2.031s] -- Performing Test CMAKE_HAVE_LIBC_PTHREAD - Success
[2.032s] -- Found Threads: TRUE  
[2.150s] -- Found geometry_msgs: 4.2.4 (/opt/ros/humble/share/geometry_msgs/cmake)
[2.186s] -- Found apriltag_msgs: 2.0.1 (/opt/ros/humble/share/apriltag_msgs/cmake)
[2.218s] -- Found ament_lint_auto: 0.12.11 (/opt/ros/humble/share/ament_lint_auto/cmake)
[2.573s] -- Added test 'cppcheck' to perform static code analysis on C / C++ code
[2.574s] -- Configured cppcheck include dirs: $<BUILD_INTERFACE:/home/david/ros2_ws/src/my_planner/david_planner/include>
[2.574s] -- Configured cppcheck exclude dirs and/or files: 
[2.591s] -- Added test 'flake8' to check Python code syntax and style conventions
[2.628s] -- Added test 'lint_cmake' to check CMake code style
[2.653s] -- Added test 'pep257' to check Python code against some of the docstring style conventions in PEP 257
[2.845s] -- Added test 'uncrustify' to check C / C++ code style
[2.845s] -- Configured uncrustify additional arguments: 
[2.871s] -- Added test 'xmllint' to check XML markup files
[2.874s] -- Configuring done
[2.891s] -- Generating done
[2.894s] -- Build files have been written to: /home/david/ros2_ws/src/my_planner/build/my_planner
[2.913s] Invoked command in '/home/david/ros2_ws/src/my_planner/build/my_planner' returned '0': CMAKE_PREFIX_PATH=${CMAKE_PREFIX_PATH}:/home/david/ros2_ws/install/example_py_pkg:/home/david/ros2_ws/install/crazyflie_py:/opt/ros/humble /usr/bin/cmake /home/david/ros2_ws/src/my_planner -DCMAKE_INSTALL_PREFIX=/home/david/ros2_ws/src/my_planner/install/my_planner
[2.914s] Invoking command in '/home/david/ros2_ws/src/my_planner/build/my_planner': CMAKE_PREFIX_PATH=${CMAKE_PREFIX_PATH}:/home/david/ros2_ws/install/example_py_pkg:/home/david/ros2_ws/install/crazyflie_py:/opt/ros/humble /usr/bin/cmake --build /home/david/ros2_ws/src/my_planner/build/my_planner -- -j4 -l4
[2.987s] [ 33%] [32m[1mLinking CXX static library libdavid_planner_lib.a[0m
[3.036s] [ 33%] Built target david_planner_lib
[3.072s] [ 66%] [32mBuilding CXX object CMakeFiles/robot_controller.dir/src/robot_controller_with_tags.cpp.o[0m
[16.339s] [100%] [32m[1mLinking CXX executable robot_controller[0m
[17.034s] [100%] Built target robot_controller
[17.051s] Invoked command in '/home/david/ros2_ws/src/my_planner/build/my_planner' returned '0': CMAKE_PREFIX_PATH=${CMAKE_PREFIX_PATH}:/home/david/ros2_ws/install/example_py_pkg:/home/david/ros2_ws/install/crazyflie_py:/opt/ros/humble /usr/bin/cmake --build /home/david/ros2_ws/src/my_planner/build/my_planner -- -j4 -l4
[17.108s] Invoking command in '/home/david/ros2_ws/src/my_planner/build/my_planner': CMAKE_PREFIX_PATH=${CMAKE_PREFIX_PATH}:/home/david/ros2_ws/install/example_py_pkg:/home/david/ros2_ws/install/crazyflie_py:/opt/ros/humble /usr/bin/cmake --install /home/david/ros2_ws/src/my_planner/build/my_planner
[17.119s] -- Install configuration: ""
[17.119s] -- Installing: /home/david/ros2_ws/src/my_planner/install/my_planner/lib/my_planner/robot_controller
[17.123s] -- Set runtime path of "/home/david/ros2_ws/src/my_planner/install/my_planner/lib/my_planner/robot_controller" to ""
[17.123s] -- Installing: /home/david/ros2_ws/src/my_planner/install/my_planner/share/my_planner/launch
[17.124s] -- Installing: /home/david/ros2_ws/src/my_planner/install/my_planner/share/my_planner/launch/robot_controller_with_tags.py
[17.124s] -- Installing: /home/david/ros2_ws/src/my_planner/install/my_planner/share/ament_index/resource_index/package_run_dependencies/my_planner
[17.124s] -- Installing: /home/david/ros2_ws/src/my_planner/install/my_planner/share/ament_index/resource_index/parent_prefix_path/my_planner
[17.124s] -- Installing: /home/david/ros2_ws/src/my_planner/install/my_planner/share/my_planner/environment/ament_prefix_path.sh
[17.124s] -- Installing: /home/david/ros2_ws/src/my_planner/install/my_planner/share/my_planner/environment/ament_prefix_path.dsv
[17.125s] -- Installing: /home/david/ros2_ws/src/my_planner/install/my_planner/share/my_planner/environment/path.sh
[17.125s] -- Installing: /home/david/ros2_ws/src/my_planner/install/my_planner/share/my_planner/environment/path.dsv
[17.125s] -- Installing: /home/david/ros2_ws/src/my_planner/install/my_planner/share/my_planner/local_setup.bash
[17.125s] -- Installing: /home/david/ros2_ws/src/my_planner/install/my_planner/share/my_planner/local_setup.sh
[17.125s] -- Installing: /home/david/ros2_ws/src/my_planner/install/my_planner/share/my_planner/local_setup.zsh
[17.125s] -- Installing: /home/david/ros2_ws/src/my_planner/install/my_planner/share/my_planner/local_setup.dsv
[17.126s] -- Installing: /home/david/ros2_ws/src/my_planner/install/my_planner/share/my_planner/package.dsv
[17.126s] -- Installing: /home/david/ros2_ws/src/my_planner/install/my_planner/share/ament_index/resource_index/packages/my_planner
[17.126s] -- Installing: /home/david/ros2_ws/src/my_planner/install/my_planner/share/my_planner/cmake/my_plannerConfig.cmake
[17.126s] -- Installing: /home/david/ros2_ws/src/my_planner/install/my_planner/share/my_planner/cmake/my_plannerConfig-version.cmake
[17.126s] -- Installing: /home/david/ros2_ws/src/my_planner/install/my_planner/share/my_planner/package.xml
[17.129s] Invoked command in '/home/david/ros2_ws/src/my_planner/build/my_planner' returned '0': CMAKE_PREFIX_PATH=${CMAKE_PREFIX_PATH}:/home/david/ros2_ws/install/example_py_pkg:/home/david/ros2_ws/install/crazyflie_py:/opt/ros/humble /usr/bin/cmake --install /home/david/ros2_ws/src/my_planner/build/my_planner
