[0.019s] Invoking command in '/home/david/ros2_ws/src/my_planner/build/my_planner': CMAKE_PREFIX_PATH=${CMAKE_PREFIX_PATH}:/home/david/ros2_ws/install/example_py_pkg:/home/david/ros2_ws/install/crazyflie_py:/opt/ros/humble /usr/bin/cmake --build /home/david/ros2_ws/src/my_planner/build/my_planner -- -j4 -l4
[0.162s] [ 20%] Built target david_planner_lib
[0.189s] [35m[1mConsolidate compiler generated dependencies of target motion_controller_node[0m
[0.207s] [35m[1mConsolidate compiler generated dependencies of target tag_detector_node[0m
[0.247s] [ 40%] [32mBuilding CXX object CMakeFiles/motion_controller_node.dir/src/motion_controller_node.cpp.o[0m
[0.277s] [ 80%] Built target tag_detector_node
[15.651s] [100%] [32m[1mLinking CXX executable motion_controller_node[0m
[16.340s] [100%] Built target motion_controller_node
[16.354s] Invoked command in '/home/david/ros2_ws/src/my_planner/build/my_planner' returned '0': CMAKE_PREFIX_PATH=${CMAKE_PREFIX_PATH}:/home/david/ros2_ws/install/example_py_pkg:/home/david/ros2_ws/install/crazyflie_py:/opt/ros/humble /usr/bin/cmake --build /home/david/ros2_ws/src/my_planner/build/my_planner -- -j4 -l4
[16.405s] Invoking command in '/home/david/ros2_ws/src/my_planner/build/my_planner': CMAKE_PREFIX_PATH=${CMAKE_PREFIX_PATH}:/home/david/ros2_ws/install/example_py_pkg:/home/david/ros2_ws/install/crazyflie_py:/opt/ros/humble /usr/bin/cmake --install /home/david/ros2_ws/src/my_planner/build/my_planner
[16.417s] -- Install configuration: ""
[16.417s] -- Installing: /home/david/ros2_ws/src/my_planner/install/my_planner/lib/my_planner/motion_controller_node
[16.422s] -- Set runtime path of "/home/david/ros2_ws/src/my_planner/install/my_planner/lib/my_planner/motion_controller_node" to ""
[16.422s] -- Installing: /home/david/ros2_ws/src/my_planner/install/my_planner/lib/my_planner/tag_detector_node
[16.427s] -- Set runtime path of "/home/david/ros2_ws/src/my_planner/install/my_planner/lib/my_planner/tag_detector_node" to ""
[16.427s] -- Up-to-date: /home/david/ros2_ws/src/my_planner/install/my_planner/share/my_planner/launch
[16.427s] -- Installing: /home/david/ros2_ws/src/my_planner/install/my_planner/share/my_planner/launch/robot_controller_with_tags.py
[16.427s] -- Up-to-date: /home/david/ros2_ws/src/my_planner/install/my_planner/share/ament_index/resource_index/package_run_dependencies/my_planner
[16.427s] -- Installing: /home/david/ros2_ws/src/my_planner/install/my_planner/share/ament_index/resource_index/parent_prefix_path/my_planner
[16.428s] -- Up-to-date: /home/david/ros2_ws/src/my_planner/install/my_planner/share/my_planner/environment/ament_prefix_path.sh
[16.428s] -- Installing: /home/david/ros2_ws/src/my_planner/install/my_planner/share/my_planner/environment/ament_prefix_path.dsv
[16.428s] -- Up-to-date: /home/david/ros2_ws/src/my_planner/install/my_planner/share/my_planner/environment/path.sh
[16.428s] -- Installing: /home/david/ros2_ws/src/my_planner/install/my_planner/share/my_planner/environment/path.dsv
[16.428s] -- Up-to-date: /home/david/ros2_ws/src/my_planner/install/my_planner/share/my_planner/local_setup.bash
[16.428s] -- Up-to-date: /home/david/ros2_ws/src/my_planner/install/my_planner/share/my_planner/local_setup.sh
[16.429s] -- Up-to-date: /home/david/ros2_ws/src/my_planner/install/my_planner/share/my_planner/local_setup.zsh
[16.429s] -- Installing: /home/david/ros2_ws/src/my_planner/install/my_planner/share/my_planner/local_setup.dsv
[16.429s] -- Installing: /home/david/ros2_ws/src/my_planner/install/my_planner/share/my_planner/package.dsv
[16.429s] -- Up-to-date: /home/david/ros2_ws/src/my_planner/install/my_planner/share/ament_index/resource_index/packages/my_planner
[16.429s] -- Up-to-date: /home/david/ros2_ws/src/my_planner/install/my_planner/share/my_planner/cmake/my_plannerConfig.cmake
[16.429s] -- Up-to-date: /home/david/ros2_ws/src/my_planner/install/my_planner/share/my_planner/cmake/my_plannerConfig-version.cmake
[16.430s] -- Up-to-date: /home/david/ros2_ws/src/my_planner/install/my_planner/share/my_planner/package.xml
[16.432s] Invoked command in '/home/david/ros2_ws/src/my_planner/build/my_planner' returned '0': CMAKE_PREFIX_PATH=${CMAKE_PREFIX_PATH}:/home/david/ros2_ws/install/example_py_pkg:/home/david/ros2_ws/install/crazyflie_py:/opt/ros/humble /usr/bin/cmake --install /home/david/ros2_ws/src/my_planner/build/my_planner
