[0.184s] DEBUG:colcon:Command line arguments: ['/usr/bin/colcon', 'build']
[0.184s] DEBUG:colcon:Parsed command line arguments: Namespace(log_base=None, log_level=None, verb_name='build', build_base='build', install_base='install', merge_install=False, symlink_install=False, test_result_base=None, continue_on_error=False, executor='parallel', parallel_workers=4, event_handlers=None, ignore_user_meta=False, metas=['./colcon.meta'], base_paths=['.'], packages_ignore=None, packages_ignore_regex=None, paths=None, packages_up_to=None, packages_up_to_regex=None, packages_above=None, packages_above_and_dependencies=None, packages_above_depth=None, packages_select_by_dep=None, packages_skip_by_dep=None, packages_skip_up_to=None, packages_select_build_failed=False, packages_skip_build_finished=False, packages_select_test_failures=False, packages_skip_test_passed=False, packages_select=None, packages_skip=None, packages_select_regex=None, packages_skip_regex=None, packages_start=None, packages_end=None, allow_overriding=[], cmake_args=None, cmake_target=None, cmake_target_skip_unavailable=False, cmake_clean_cache=False, cmake_clean_first=False, cmake_force_configure=False, ament_cmake_args=None, catkin_cmake_args=None, catkin_skip_building_tests=False, mixin_files=None, mixin=None, verb_parser=<colcon_mixin.mixin.mixin_argument.MixinArgumentDecorator object at 0x7caea4a88ac0>, verb_extension=<colcon_core.verb.build.BuildVerb object at 0x7caea4a884f0>, main=<bound method BuildVerb.main of <colcon_core.verb.build.BuildVerb object at 0x7caea4a884f0>>, mixin_verb=('build',))
[0.571s] Level 1:colcon.colcon_core.package_discovery:discover_packages(colcon_meta) check parameters
[0.571s] Level 1:colcon.colcon_core.package_discovery:discover_packages(recursive) check parameters
[0.571s] Level 1:colcon.colcon_core.package_discovery:discover_packages(ignore) check parameters
[0.571s] Level 1:colcon.colcon_core.package_discovery:discover_packages(path) check parameters
[0.571s] Level 1:colcon.colcon_core.package_discovery:discover_packages(colcon_meta) discover
[0.571s] Level 1:colcon.colcon_core.package_discovery:discover_packages(recursive) discover
[0.571s] INFO:colcon.colcon_core.package_discovery:Crawling recursively for packages in '/home/david/ros2_ws/src/my_planner'
[0.571s] Level 1:colcon.colcon_core.package_identification:_identify(.) by extensions ['ignore', 'ignore_ament_install']
[0.572s] Level 1:colcon.colcon_core.package_identification:_identify(.) by extension 'ignore'
[0.572s] Level 1:colcon.colcon_core.package_identification:_identify(.) by extension 'ignore_ament_install'
[0.572s] Level 1:colcon.colcon_core.package_identification:_identify(.) by extensions ['colcon_pkg']
[0.572s] Level 1:colcon.colcon_core.package_identification:_identify(.) by extension 'colcon_pkg'
[0.572s] Level 1:colcon.colcon_core.package_identification:_identify(.) by extensions ['colcon_meta']
[0.572s] Level 1:colcon.colcon_core.package_identification:_identify(.) by extension 'colcon_meta'
[0.572s] Level 1:colcon.colcon_core.package_identification:_identify(.) by extensions ['ros']
[0.572s] Level 1:colcon.colcon_core.package_identification:_identify(.) by extension 'ros'
[0.605s] DEBUG:colcon.colcon_core.package_identification:Package '.' with type 'ros.ament_cmake' and name 'my_planner'
[0.605s] Level 1:colcon.colcon_core.package_discovery:discover_packages(recursive) using defaults
[0.605s] Level 1:colcon.colcon_core.package_discovery:discover_packages(ignore) discover
[0.605s] Level 1:colcon.colcon_core.package_discovery:discover_packages(ignore) using defaults
[0.605s] Level 1:colcon.colcon_core.package_discovery:discover_packages(path) discover
[0.605s] Level 1:colcon.colcon_core.package_discovery:discover_packages(path) using defaults
[0.633s] Level 1:colcon.colcon_core.package_discovery:discover_packages(prefix_path) check parameters
[0.633s] Level 1:colcon.colcon_core.package_discovery:discover_packages(prefix_path) discover
[0.637s] DEBUG:colcon.colcon_installed_package_information.package_discovery:Found 9 installed packages in /home/david/ros2_ws/install
[0.640s] DEBUG:colcon.colcon_installed_package_information.package_discovery:Found 330 installed packages in /opt/ros/humble
[0.643s] Level 1:colcon.colcon_core.package_discovery:discover_packages(prefix_path) using defaults
[0.719s] Level 5:colcon.colcon_core.verb:set package 'my_planner' build argument 'cmake_args' from command line to 'None'
[0.719s] Level 5:colcon.colcon_core.verb:set package 'my_planner' build argument 'cmake_target' from command line to 'None'
[0.719s] Level 5:colcon.colcon_core.verb:set package 'my_planner' build argument 'cmake_target_skip_unavailable' from command line to 'False'
[0.719s] Level 5:colcon.colcon_core.verb:set package 'my_planner' build argument 'cmake_clean_cache' from command line to 'False'
[0.719s] Level 5:colcon.colcon_core.verb:set package 'my_planner' build argument 'cmake_clean_first' from command line to 'False'
[0.719s] Level 5:colcon.colcon_core.verb:set package 'my_planner' build argument 'cmake_force_configure' from command line to 'False'
[0.719s] Level 5:colcon.colcon_core.verb:set package 'my_planner' build argument 'ament_cmake_args' from command line to 'None'
[0.719s] Level 5:colcon.colcon_core.verb:set package 'my_planner' build argument 'catkin_cmake_args' from command line to 'None'
[0.719s] Level 5:colcon.colcon_core.verb:set package 'my_planner' build argument 'catkin_skip_building_tests' from command line to 'False'
[0.719s] DEBUG:colcon.colcon_core.verb:Building package 'my_planner' with the following arguments: {'ament_cmake_args': None, 'build_base': '/home/david/ros2_ws/src/my_planner/build/my_planner', 'catkin_cmake_args': None, 'catkin_skip_building_tests': False, 'cmake_args': None, 'cmake_clean_cache': False, 'cmake_clean_first': False, 'cmake_force_configure': False, 'cmake_target': None, 'cmake_target_skip_unavailable': False, 'install_base': '/home/david/ros2_ws/src/my_planner/install/my_planner', 'merge_install': False, 'path': '/home/david/ros2_ws/src/my_planner', 'symlink_install': False, 'test_result_base': None}
[0.720s] INFO:colcon.colcon_core.executor:Executing jobs using 'parallel' executor
[0.721s] DEBUG:colcon.colcon_parallel_executor.executor.parallel:run_until_complete
[0.721s] INFO:colcon.colcon_ros.task.ament_cmake.build:Building ROS package in '/home/david/ros2_ws/src/my_planner' with build type 'ament_cmake'
[0.722s] INFO:colcon.colcon_cmake.task.cmake.build:Building CMake package in '/home/david/ros2_ws/src/my_planner'
[0.725s] INFO:colcon.colcon_core.plugin_system:Skipping extension 'colcon_core.shell.bat': Not used on non-Windows systems
[0.725s] INFO:colcon.colcon_core.shell:Skip shell extension 'powershell' for command environment: Not usable outside of PowerShell
[0.725s] DEBUG:colcon.colcon_core.shell:Skip shell extension 'dsv' for command environment
[0.742s] DEBUG:colcon.colcon_core.event_handler.log_command:Invoking command in '/home/david/ros2_ws/src/my_planner/build/my_planner': CMAKE_PREFIX_PATH=${CMAKE_PREFIX_PATH}:/home/david/ros2_ws/install/example_py_pkg:/home/david/ros2_ws/install/crazyflie_py:/opt/ros/humble /usr/bin/cmake /home/david/ros2_ws/src/my_planner -DCMAKE_INSTALL_PREFIX=/home/david/ros2_ws/src/my_planner/install/my_planner
[3.636s] DEBUG:colcon.colcon_core.event_handler.log_command:Invoked command in '/home/david/ros2_ws/src/my_planner/build/my_planner' returned '0': CMAKE_PREFIX_PATH=${CMAKE_PREFIX_PATH}:/home/david/ros2_ws/install/example_py_pkg:/home/david/ros2_ws/install/crazyflie_py:/opt/ros/humble /usr/bin/cmake /home/david/ros2_ws/src/my_planner -DCMAKE_INSTALL_PREFIX=/home/david/ros2_ws/src/my_planner/install/my_planner
[3.637s] DEBUG:colcon.colcon_core.event_handler.log_command:Invoking command in '/home/david/ros2_ws/src/my_planner/build/my_planner': CMAKE_PREFIX_PATH=${CMAKE_PREFIX_PATH}:/home/david/ros2_ws/install/example_py_pkg:/home/david/ros2_ws/install/crazyflie_py:/opt/ros/humble /usr/bin/cmake --build /home/david/ros2_ws/src/my_planner/build/my_planner -- -j4 -l4
[17.773s] DEBUG:colcon.colcon_core.event_handler.log_command:Invoked command in '/home/david/ros2_ws/src/my_planner/build/my_planner' returned '0': CMAKE_PREFIX_PATH=${CMAKE_PREFIX_PATH}:/home/david/ros2_ws/install/example_py_pkg:/home/david/ros2_ws/install/crazyflie_py:/opt/ros/humble /usr/bin/cmake --build /home/david/ros2_ws/src/my_planner/build/my_planner -- -j4 -l4
[17.831s] DEBUG:colcon.colcon_core.event_handler.log_command:Invoking command in '/home/david/ros2_ws/src/my_planner/build/my_planner': CMAKE_PREFIX_PATH=${CMAKE_PREFIX_PATH}:/home/david/ros2_ws/install/example_py_pkg:/home/david/ros2_ws/install/crazyflie_py:/opt/ros/humble /usr/bin/cmake --install /home/david/ros2_ws/src/my_planner/build/my_planner
[17.851s] Level 1:colcon.colcon_core.environment:create_environment_scripts_only(my_planner)
[17.852s] DEBUG:colcon.colcon_core.event_handler.log_command:Invoked command in '/home/david/ros2_ws/src/my_planner/build/my_planner' returned '0': CMAKE_PREFIX_PATH=${CMAKE_PREFIX_PATH}:/home/david/ros2_ws/install/example_py_pkg:/home/david/ros2_ws/install/crazyflie_py:/opt/ros/humble /usr/bin/cmake --install /home/david/ros2_ws/src/my_planner/build/my_planner
[17.855s] Level 1:colcon.colcon_core.environment:checking '/home/david/ros2_ws/src/my_planner/install/my_planner' for CMake module files
[17.856s] Level 1:colcon.colcon_core.environment:checking '/home/david/ros2_ws/src/my_planner/install/my_planner' for CMake config files
[17.856s] Level 1:colcon.colcon_core.shell:create_environment_hook('my_planner', 'cmake_prefix_path')
[17.856s] INFO:colcon.colcon_core.shell:Creating environment hook '/home/david/ros2_ws/src/my_planner/install/my_planner/share/my_planner/hook/cmake_prefix_path.ps1'
[17.857s] INFO:colcon.colcon_core.shell:Creating environment descriptor '/home/david/ros2_ws/src/my_planner/install/my_planner/share/my_planner/hook/cmake_prefix_path.dsv'
[17.858s] INFO:colcon.colcon_core.shell:Creating environment hook '/home/david/ros2_ws/src/my_planner/install/my_planner/share/my_planner/hook/cmake_prefix_path.sh'
[17.859s] Level 1:colcon.colcon_core.environment:checking '/home/david/ros2_ws/src/my_planner/install/my_planner/lib'
[17.859s] Level 1:colcon.colcon_core.environment:checking '/home/david/ros2_ws/src/my_planner/install/my_planner/bin'
[17.859s] Level 1:colcon.colcon_core.environment:checking '/home/david/ros2_ws/src/my_planner/install/my_planner/lib/pkgconfig/my_planner.pc'
[17.859s] Level 1:colcon.colcon_core.environment:checking '/home/david/ros2_ws/src/my_planner/install/my_planner/lib/python3.10/site-packages'
[17.860s] Level 1:colcon.colcon_core.environment:checking '/home/david/ros2_ws/src/my_planner/install/my_planner/bin'
[17.860s] INFO:colcon.colcon_core.shell:Creating package script '/home/david/ros2_ws/src/my_planner/install/my_planner/share/my_planner/package.ps1'
[17.861s] INFO:colcon.colcon_core.shell:Creating package descriptor '/home/david/ros2_ws/src/my_planner/install/my_planner/share/my_planner/package.dsv'
[17.862s] INFO:colcon.colcon_core.shell:Creating package script '/home/david/ros2_ws/src/my_planner/install/my_planner/share/my_planner/package.sh'
[17.863s] INFO:colcon.colcon_core.shell:Creating package script '/home/david/ros2_ws/src/my_planner/install/my_planner/share/my_planner/package.bash'
[17.864s] INFO:colcon.colcon_core.shell:Creating package script '/home/david/ros2_ws/src/my_planner/install/my_planner/share/my_planner/package.zsh'
[17.865s] Level 1:colcon.colcon_core.environment:create_file_with_runtime_dependencies(/home/david/ros2_ws/src/my_planner/install/my_planner/share/colcon-core/packages/my_planner)
[17.898s] Level 1:colcon.colcon_core.environment:create_environment_scripts_only(my_planner)
[17.898s] Level 1:colcon.colcon_core.environment:checking '/home/david/ros2_ws/src/my_planner/install/my_planner' for CMake module files
[17.899s] Level 1:colcon.colcon_core.environment:checking '/home/david/ros2_ws/src/my_planner/install/my_planner' for CMake config files
[17.899s] Level 1:colcon.colcon_core.shell:create_environment_hook('my_planner', 'cmake_prefix_path')
[17.900s] INFO:colcon.colcon_core.shell:Creating environment hook '/home/david/ros2_ws/src/my_planner/install/my_planner/share/my_planner/hook/cmake_prefix_path.ps1'
[17.900s] INFO:colcon.colcon_core.shell:Creating environment descriptor '/home/david/ros2_ws/src/my_planner/install/my_planner/share/my_planner/hook/cmake_prefix_path.dsv'
[17.901s] INFO:colcon.colcon_core.shell:Creating environment hook '/home/david/ros2_ws/src/my_planner/install/my_planner/share/my_planner/hook/cmake_prefix_path.sh'
[17.901s] Level 1:colcon.colcon_core.environment:checking '/home/david/ros2_ws/src/my_planner/install/my_planner/lib'
[17.901s] Level 1:colcon.colcon_core.environment:checking '/home/david/ros2_ws/src/my_planner/install/my_planner/bin'
[17.902s] Level 1:colcon.colcon_core.environment:checking '/home/david/ros2_ws/src/my_planner/install/my_planner/lib/pkgconfig/my_planner.pc'
[17.902s] Level 1:colcon.colcon_core.environment:checking '/home/david/ros2_ws/src/my_planner/install/my_planner/lib/python3.10/site-packages'
[17.902s] Level 1:colcon.colcon_core.environment:checking '/home/david/ros2_ws/src/my_planner/install/my_planner/bin'
[17.903s] INFO:colcon.colcon_core.shell:Creating package script '/home/david/ros2_ws/src/my_planner/install/my_planner/share/my_planner/package.ps1'
[17.904s] INFO:colcon.colcon_core.shell:Creating package descriptor '/home/david/ros2_ws/src/my_planner/install/my_planner/share/my_planner/package.dsv'
[17.905s] INFO:colcon.colcon_core.shell:Creating package script '/home/david/ros2_ws/src/my_planner/install/my_planner/share/my_planner/package.sh'
[17.906s] INFO:colcon.colcon_core.shell:Creating package script '/home/david/ros2_ws/src/my_planner/install/my_planner/share/my_planner/package.bash'
[17.907s] INFO:colcon.colcon_core.shell:Creating package script '/home/david/ros2_ws/src/my_planner/install/my_planner/share/my_planner/package.zsh'
[17.908s] Level 1:colcon.colcon_core.environment:create_file_with_runtime_dependencies(/home/david/ros2_ws/src/my_planner/install/my_planner/share/colcon-core/packages/my_planner)
[17.908s] DEBUG:colcon.colcon_parallel_executor.executor.parallel:closing loop
[17.909s] DEBUG:colcon.colcon_parallel_executor.executor.parallel:loop closed
[17.909s] DEBUG:colcon.colcon_parallel_executor.executor.parallel:run_until_complete finished with '0'
[17.909s] DEBUG:colcon.colcon_core.event_reactor:joining thread
[17.917s] INFO:colcon.colcon_core.plugin_system:Skipping extension 'colcon_notification.desktop_notification.terminal_notifier': Not used on non-Darwin systems
[17.917s] INFO:colcon.colcon_core.plugin_system:Skipping extension 'colcon_notification.desktop_notification.win32': Not used on non-Windows systems
[17.917s] INFO:colcon.colcon_notification.desktop_notification:Sending desktop notification using 'notify2'
[17.943s] DEBUG:colcon.colcon_core.event_reactor:joined thread
[17.943s] INFO:colcon.colcon_core.shell:Creating prefix script '/home/david/ros2_ws/src/my_planner/install/local_setup.ps1'
[17.945s] INFO:colcon.colcon_core.shell:Creating prefix util module '/home/david/ros2_ws/src/my_planner/install/_local_setup_util_ps1.py'
[17.946s] INFO:colcon.colcon_core.shell:Creating prefix chain script '/home/david/ros2_ws/src/my_planner/install/setup.ps1'
[17.948s] INFO:colcon.colcon_core.shell:Creating prefix script '/home/david/ros2_ws/src/my_planner/install/local_setup.sh'
[17.949s] INFO:colcon.colcon_core.shell:Creating prefix util module '/home/david/ros2_ws/src/my_planner/install/_local_setup_util_sh.py'
[17.950s] INFO:colcon.colcon_core.shell:Creating prefix chain script '/home/david/ros2_ws/src/my_planner/install/setup.sh'
[17.953s] INFO:colcon.colcon_core.shell:Creating prefix script '/home/david/ros2_ws/src/my_planner/install/local_setup.bash'
[17.955s] INFO:colcon.colcon_core.shell:Creating prefix chain script '/home/david/ros2_ws/src/my_planner/install/setup.bash'
[17.957s] INFO:colcon.colcon_core.shell:Creating prefix script '/home/david/ros2_ws/src/my_planner/install/local_setup.zsh'
[17.958s] INFO:colcon.colcon_core.shell:Creating prefix chain script '/home/david/ros2_ws/src/my_planner/install/setup.zsh'
