[0.146s] DEBUG:colcon:Command line arguments: ['/usr/bin/colcon', 'build', '--packages-select', 'my_planner']
[0.146s] DEBUG:colcon:Parsed command line arguments: Namespace(log_base=None, log_level=None, verb_name='build', build_base='build', install_base='install', merge_install=False, symlink_install=False, test_result_base=None, continue_on_error=False, executor='parallel', parallel_workers=4, event_handlers=None, ignore_user_meta=False, metas=['./colcon.meta'], base_paths=['.'], packages_ignore=None, packages_ignore_regex=None, paths=None, packages_up_to=None, packages_up_to_regex=None, packages_above=None, packages_above_and_dependencies=None, packages_above_depth=None, packages_select_by_dep=None, packages_skip_by_dep=None, packages_skip_up_to=None, packages_select_build_failed=False, packages_skip_build_finished=False, packages_select_test_failures=False, packages_skip_test_passed=False, packages_select=['my_planner'], packages_skip=None, packages_select_regex=None, packages_skip_regex=None, packages_start=None, packages_end=None, allow_overriding=[], cmake_args=None, cmake_target=None, cmake_target_skip_unavailable=False, cmake_clean_cache=False, cmake_clean_first=False, cmake_force_configure=False, ament_cmake_args=None, catkin_cmake_args=None, catkin_skip_building_tests=False, mixin_files=None, mixin=None, verb_parser=<colcon_mixin.mixin.mixin_argument.MixinArgumentDecorator object at 0x71d31f388880>, verb_extension=<colcon_core.verb.build.BuildVerb object at 0x71d31f3882b0>, main=<bound method BuildVerb.main of <colcon_core.verb.build.BuildVerb object at 0x71d31f3882b0>>, mixin_verb=('build',))
[0.493s] Level 1:colcon.colcon_core.package_discovery:discover_packages(colcon_meta) check parameters
[0.493s] Level 1:colcon.colcon_core.package_discovery:discover_packages(recursive) check parameters
[0.493s] Level 1:colcon.colcon_core.package_discovery:discover_packages(ignore) check parameters
[0.493s] Level 1:colcon.colcon_core.package_discovery:discover_packages(path) check parameters
[0.493s] Level 1:colcon.colcon_core.package_discovery:discover_packages(colcon_meta) discover
[0.493s] Level 1:colcon.colcon_core.package_discovery:discover_packages(recursive) discover
[0.493s] INFO:colcon.colcon_core.package_discovery:Crawling recursively for packages in '/home/david/ros2_ws/src/my_planner'
[0.493s] Level 1:colcon.colcon_core.package_identification:_identify(.) by extensions ['ignore', 'ignore_ament_install']
[0.494s] Level 1:colcon.colcon_core.package_identification:_identify(.) by extension 'ignore'
[0.494s] Level 1:colcon.colcon_core.package_identification:_identify(.) by extension 'ignore_ament_install'
[0.494s] Level 1:colcon.colcon_core.package_identification:_identify(.) by extensions ['colcon_pkg']
[0.494s] Level 1:colcon.colcon_core.package_identification:_identify(.) by extension 'colcon_pkg'
[0.494s] Level 1:colcon.colcon_core.package_identification:_identify(.) by extensions ['colcon_meta']
[0.494s] Level 1:colcon.colcon_core.package_identification:_identify(.) by extension 'colcon_meta'
[0.494s] Level 1:colcon.colcon_core.package_identification:_identify(.) by extensions ['ros']
[0.494s] Level 1:colcon.colcon_core.package_identification:_identify(.) by extension 'ros'
[0.526s] DEBUG:colcon.colcon_core.package_identification:Package '.' with type 'ros.ament_cmake' and name 'my_planner'
[0.526s] Level 1:colcon.colcon_core.package_discovery:discover_packages(recursive) using defaults
[0.526s] Level 1:colcon.colcon_core.package_discovery:discover_packages(ignore) discover
[0.526s] Level 1:colcon.colcon_core.package_discovery:discover_packages(ignore) using defaults
[0.526s] Level 1:colcon.colcon_core.package_discovery:discover_packages(path) discover
[0.527s] Level 1:colcon.colcon_core.package_discovery:discover_packages(path) using defaults
[0.563s] Level 1:colcon.colcon_core.package_discovery:discover_packages(prefix_path) check parameters
[0.563s] Level 1:colcon.colcon_core.package_discovery:discover_packages(prefix_path) discover
[0.567s] DEBUG:colcon.colcon_installed_package_information.package_discovery:Found 9 installed packages in /home/david/ros2_ws/install
[0.571s] DEBUG:colcon.colcon_installed_package_information.package_discovery:Found 330 installed packages in /opt/ros/humble
[0.575s] Level 1:colcon.colcon_core.package_discovery:discover_packages(prefix_path) using defaults
[0.672s] Level 5:colcon.colcon_core.verb:set package 'my_planner' build argument 'cmake_args' from command line to 'None'
[0.672s] Level 5:colcon.colcon_core.verb:set package 'my_planner' build argument 'cmake_target' from command line to 'None'
[0.672s] Level 5:colcon.colcon_core.verb:set package 'my_planner' build argument 'cmake_target_skip_unavailable' from command line to 'False'
[0.672s] Level 5:colcon.colcon_core.verb:set package 'my_planner' build argument 'cmake_clean_cache' from command line to 'False'
[0.672s] Level 5:colcon.colcon_core.verb:set package 'my_planner' build argument 'cmake_clean_first' from command line to 'False'
[0.672s] Level 5:colcon.colcon_core.verb:set package 'my_planner' build argument 'cmake_force_configure' from command line to 'False'
[0.672s] Level 5:colcon.colcon_core.verb:set package 'my_planner' build argument 'ament_cmake_args' from command line to 'None'
[0.672s] Level 5:colcon.colcon_core.verb:set package 'my_planner' build argument 'catkin_cmake_args' from command line to 'None'
[0.673s] Level 5:colcon.colcon_core.verb:set package 'my_planner' build argument 'catkin_skip_building_tests' from command line to 'False'
[0.673s] DEBUG:colcon.colcon_core.verb:Building package 'my_planner' with the following arguments: {'ament_cmake_args': None, 'build_base': '/home/david/ros2_ws/src/my_planner/build/my_planner', 'catkin_cmake_args': None, 'catkin_skip_building_tests': False, 'cmake_args': None, 'cmake_clean_cache': False, 'cmake_clean_first': False, 'cmake_force_configure': False, 'cmake_target': None, 'cmake_target_skip_unavailable': False, 'install_base': '/home/david/ros2_ws/src/my_planner/install/my_planner', 'merge_install': False, 'path': '/home/david/ros2_ws/src/my_planner', 'symlink_install': False, 'test_result_base': None}
[0.673s] INFO:colcon.colcon_core.executor:Executing jobs using 'parallel' executor
[0.675s] DEBUG:colcon.colcon_parallel_executor.executor.parallel:run_until_complete
[0.675s] INFO:colcon.colcon_ros.task.ament_cmake.build:Building ROS package in '/home/david/ros2_ws/src/my_planner' with build type 'ament_cmake'
[0.676s] INFO:colcon.colcon_cmake.task.cmake.build:Building CMake package in '/home/david/ros2_ws/src/my_planner'
[0.679s] INFO:colcon.colcon_core.plugin_system:Skipping extension 'colcon_core.shell.bat': Not used on non-Windows systems
[0.680s] INFO:colcon.colcon_core.shell:Skip shell extension 'powershell' for command environment: Not usable outside of PowerShell
[0.680s] DEBUG:colcon.colcon_core.shell:Skip shell extension 'dsv' for command environment
[0.702s] DEBUG:colcon.colcon_core.event_handler.log_command:Invoking command in '/home/david/ros2_ws/src/my_planner/build/my_planner': CMAKE_PREFIX_PATH=${CMAKE_PREFIX_PATH}:/home/david/ros2_ws/install/example_py_pkg:/home/david/ros2_ws/install/crazyflie_py:/opt/ros/humble /usr/bin/cmake --build /home/david/ros2_ws/src/my_planner/build/my_planner -- -j4 -l4
[18.386s] DEBUG:colcon.colcon_core.event_handler.log_command:Invoked command in '/home/david/ros2_ws/src/my_planner/build/my_planner' returned '2': CMAKE_PREFIX_PATH=${CMAKE_PREFIX_PATH}:/home/david/ros2_ws/install/example_py_pkg:/home/david/ros2_ws/install/crazyflie_py:/opt/ros/humble /usr/bin/cmake --build /home/david/ros2_ws/src/my_planner/build/my_planner -- -j4 -l4
[18.430s] Level 1:colcon.colcon_core.environment:create_environment_scripts_only(my_planner)
[18.433s] Level 1:colcon.colcon_core.environment:checking '/home/david/ros2_ws/src/my_planner/install/my_planner' for CMake module files
[18.434s] Level 1:colcon.colcon_core.environment:checking '/home/david/ros2_ws/src/my_planner/install/my_planner' for CMake config files
[18.434s] Level 1:colcon.colcon_core.shell:create_environment_hook('my_planner', 'cmake_prefix_path')
[18.435s] INFO:colcon.colcon_core.shell:Creating environment hook '/home/david/ros2_ws/src/my_planner/install/my_planner/share/my_planner/hook/cmake_prefix_path.ps1'
[18.437s] INFO:colcon.colcon_core.shell:Creating environment descriptor '/home/david/ros2_ws/src/my_planner/install/my_planner/share/my_planner/hook/cmake_prefix_path.dsv'
[18.439s] INFO:colcon.colcon_core.shell:Creating environment hook '/home/david/ros2_ws/src/my_planner/install/my_planner/share/my_planner/hook/cmake_prefix_path.sh'
[18.441s] Level 1:colcon.colcon_core.environment:checking '/home/david/ros2_ws/src/my_planner/install/my_planner/lib'
[18.442s] Level 1:colcon.colcon_core.environment:checking '/home/david/ros2_ws/src/my_planner/install/my_planner/bin'
[18.442s] Level 1:colcon.colcon_core.environment:checking '/home/david/ros2_ws/src/my_planner/install/my_planner/lib/pkgconfig/my_planner.pc'
[18.442s] Level 1:colcon.colcon_core.environment:checking '/home/david/ros2_ws/src/my_planner/install/my_planner/lib/python3.10/site-packages'
[18.443s] Level 1:colcon.colcon_core.environment:checking '/home/david/ros2_ws/src/my_planner/install/my_planner/bin'
[18.443s] INFO:colcon.colcon_core.shell:Creating package script '/home/david/ros2_ws/src/my_planner/install/my_planner/share/my_planner/package.ps1'
[18.445s] INFO:colcon.colcon_core.shell:Creating package descriptor '/home/david/ros2_ws/src/my_planner/install/my_planner/share/my_planner/package.dsv'
[18.446s] INFO:colcon.colcon_core.shell:Creating package script '/home/david/ros2_ws/src/my_planner/install/my_planner/share/my_planner/package.sh'
[18.447s] INFO:colcon.colcon_core.shell:Creating package script '/home/david/ros2_ws/src/my_planner/install/my_planner/share/my_planner/package.bash'
[18.449s] INFO:colcon.colcon_core.shell:Creating package script '/home/david/ros2_ws/src/my_planner/install/my_planner/share/my_planner/package.zsh'
[18.450s] Level 1:colcon.colcon_core.environment:create_file_with_runtime_dependencies(/home/david/ros2_ws/src/my_planner/install/my_planner/share/colcon-core/packages/my_planner)
[18.461s] DEBUG:colcon.colcon_parallel_executor.executor.parallel:closing loop
[18.462s] DEBUG:colcon.colcon_parallel_executor.executor.parallel:loop closed
[18.462s] DEBUG:colcon.colcon_parallel_executor.executor.parallel:run_until_complete finished with '2'
[18.462s] DEBUG:colcon.colcon_core.event_reactor:joining thread
[18.469s] INFO:colcon.colcon_core.plugin_system:Skipping extension 'colcon_notification.desktop_notification.terminal_notifier': Not used on non-Darwin systems
[18.469s] INFO:colcon.colcon_core.plugin_system:Skipping extension 'colcon_notification.desktop_notification.win32': Not used on non-Windows systems
[18.470s] INFO:colcon.colcon_notification.desktop_notification:Sending desktop notification using 'notify2'
[18.507s] DEBUG:colcon.colcon_core.event_reactor:joined thread
[18.508s] INFO:colcon.colcon_core.shell:Creating prefix script '/home/david/ros2_ws/src/my_planner/install/local_setup.ps1'
[18.512s] INFO:colcon.colcon_core.shell:Creating prefix util module '/home/david/ros2_ws/src/my_planner/install/_local_setup_util_ps1.py'
[18.516s] INFO:colcon.colcon_core.shell:Creating prefix chain script '/home/david/ros2_ws/src/my_planner/install/setup.ps1'
[18.520s] INFO:colcon.colcon_core.shell:Creating prefix script '/home/david/ros2_ws/src/my_planner/install/local_setup.sh'
[18.522s] INFO:colcon.colcon_core.shell:Creating prefix util module '/home/david/ros2_ws/src/my_planner/install/_local_setup_util_sh.py'
[18.524s] INFO:colcon.colcon_core.shell:Creating prefix chain script '/home/david/ros2_ws/src/my_planner/install/setup.sh'
[18.531s] INFO:colcon.colcon_core.shell:Creating prefix script '/home/david/ros2_ws/src/my_planner/install/local_setup.bash'
[18.532s] INFO:colcon.colcon_core.shell:Creating prefix chain script '/home/david/ros2_ws/src/my_planner/install/setup.bash'
[18.535s] INFO:colcon.colcon_core.shell:Creating prefix script '/home/david/ros2_ws/src/my_planner/install/local_setup.zsh'
[18.536s] INFO:colcon.colcon_core.shell:Creating prefix chain script '/home/david/ros2_ws/src/my_planner/install/setup.zsh'
